Using local QQQ CSV (parameter-tuned dataset)...
Loading local CSV: qqq_5m.csv
Loaded 4557 bars from local CSV

======================================================================
FULL DATASET RESULTS
======================================================================
ORB:  Return=+0.5537%, Sharpe=8.140, WR=66.7%, Trades=54, DD=-0.158%
VWAP: Return=+0.1803%, Sharpe=10.484, WR=55.6%, Trades=9, DD=-0.035%

======================================================================
COMBINED PORTFOLIO ANALYSIS
======================================================================
ORB 60% / VWAP 40%: Return=+0.4044%, Sharpe=4.169, Sortino=5.078, MaxDD=-0.096%
ORB 50% / VWAP 50%: Return=+0.3670%, Sharpe=4.439, Sortino=5.428, MaxDD=-0.081%
ORB 70% / VWAP 30%: Return=+0.4417%, Sharpe=3.954, Sortino=4.789, MaxDD=-0.112%

[ATR Adaptive - Absolute] 高 ATR→ORB 70%/VWAP 30%, 低 ATR→ORB 30%/VWAP 70%:
  Threshold=0.013: Return=+0.4128%, Sharpe=3.815, Sortino=4.480, MaxDD=-0.112%
  Threshold=0.015: Return=+0.4454%, Sharpe=4.193, Sortino=4.856, MaxDD=-0.112%
  Threshold=0.017: Return=+0.4655%, Sharpe=4.651, Sortino=5.332, MaxDD=-0.112%

[ATR Adaptive - Rolling 20d Median]:
  Rolling: Return=+0.3699%, Sharpe=3.624, Sortino=4.162, MaxDD=-0.112%

======================================================================
OUT-OF-SAMPLE VALIDATION
======================================================================

In-Sample:  2026-01-07 ~ 2026-03-05 (40 days, 2997 bars)
Out-of-Sample: 2026-03-06 ~ 2026-04-02 (20 days, 1560 bars)

Strategy              IS Return  IS Sharpe    IS WR  IS Trades
------------------------------------------------------------
ORB                    +0.1343%      3.011    61.1%         36
VWAP                   +0.1377%     11.726    50.0%          6
Buy & Hold             -2.3886%

Strategy             OOS Return OOS Sharpe   OOS WR OOS Trades
------------------------------------------------------------
ORB                    +0.3941%     16.185    72.2%         18
VWAP                   +0.0426%      7.843    66.7%          3
Buy & Hold             -2.6446%

Combined 50/50 OOS     +0.2183%      7.704
Combined 60/40 OOS     +0.2535%      7.512

[ATR Adaptive OOS - Absolute]:
  Threshold=0.013: Return=+0.2886%, Sharpe=7.348, MaxDD=-0.063%
  Threshold=0.015: Return=+0.2886%, Sharpe=7.348, MaxDD=-0.063%
  Threshold=0.017: Return=+0.2886%, Sharpe=7.348, MaxDD=-0.063%

[ATR Adaptive OOS - Rolling 20d Median]:
  Rolling: Return=+0.2578%, Sharpe=7.228, MaxDD=-0.063%

✅ Results saved to combined_analysis.json
