Using local QQQ CSV (parameter-tuned dataset)...
Loading local CSV: qqq_5m.csv
Loaded 4557 bars from local CSV

======================================================================
FULL DATASET RESULTS
======================================================================
ORB:  Return=+0.5537%, Sharpe=8.140, WR=66.7%, Trades=54, DD=-0.158%
VWAP: Return=+0.1863%, Sharpe=10.107, WR=46.2%, Trades=13, DD=-0.047%

======================================================================
COMBINED PORTFOLIO ANALYSIS
======================================================================
ORB 60% / VWAP 40%: Return=+0.4068%, Sharpe=4.179, Sortino=5.078, MaxDD=-0.096%
ORB 50% / VWAP 50%: Return=+0.3700%, Sharpe=4.446, Sortino=5.413, MaxDD=-0.081%
ORB 70% / VWAP 30%: Return=+0.4435%, Sharpe=3.962, Sortino=4.794, MaxDD=-0.112%

[ATR Adaptive] 高 ATR→ORB 70%/VWAP 30%, 低 ATR→ORB 30%/VWAP 70%:
  Threshold=0.006: Return=+0.2965%, Sharpe=5.117, Sortino=6.311, MaxDD=-0.057%
  Threshold=0.008: Return=+0.2965%, Sharpe=5.117, Sortino=6.311, MaxDD=-0.057%
  Threshold=0.010: Return=+0.2965%, Sharpe=5.117, Sortino=6.311, MaxDD=-0.057%

======================================================================
OUT-OF-SAMPLE VALIDATION
======================================================================

In-Sample:  2026-01-07 ~ 2026-03-05 (40 days, 2997 bars)
Out-of-Sample: 2026-03-06 ~ 2026-04-02 (20 days, 1560 bars)

Strategy              IS Return  IS Sharpe    IS WR  IS Trades
------------------------------------------------------------
ORB                    +0.1343%      3.011    61.1%         36
VWAP                   +0.1379%     11.018    42.9%          7
Buy & Hold             -2.3886%

Strategy             OOS Return OOS Sharpe   OOS WR OOS Trades
------------------------------------------------------------
ORB                    +0.3941%     16.185    72.2%         18
VWAP                   +0.0484%      8.205    50.0%          6
Buy & Hold             -2.6446%

Combined 50/50 OOS     +0.2212%      7.748
Combined 60/40 OOS     +0.2558%      7.550

[ATR Adaptive OOS]:
  Threshold=0.006: Return=+0.1521%, Sharpe=8.054, MaxDD=-0.037%
  Threshold=0.008: Return=+0.1521%, Sharpe=8.054, MaxDD=-0.037%
  Threshold=0.010: Return=+0.1521%, Sharpe=8.054, MaxDD=-0.037%

✅ Results saved to combined_analysis.json
