Loading 5m data from CSV...
  Bars: 4556 | 2026-01-06 09:30:00-05:00 ~ 2026-04-01 15:55:00-04:00

=== ORB v5 (default) ===
  Return: -0.07% | Win: 37.1% | Sharpe: -5.065 | Trades: 132 | MaxDD: -0.08%

=== VWAP v4 (default) ===
  Return: +0.00% | Win: 0.0% | Sharpe: 0.000 | Trades: 0 | MaxDD: 0.00%

=== ORB Grid Search ===
Grid search: 288 combinations for ORB
  Running grid search… 28/288
  Running grid search… 56/288
  Running grid search… 84/288
  Running grid search… 112/288
  Running grid search… 140/288
  Running grid search… 168/288
  Running grid search… 196/288
  Running grid search… 224/288
  Running grid search… 252/288
  Running grid search… 280/288
  Running grid search… 288/288
Best sharpe_ratio: 1.5218 with params {'orb_bars': 4, 'profit_ratio': 3.5, 'close_before_min': 15, 'breakout_confirm_pct': 0.0003, 'entry_delay_bars': 0, 'trailing_stop': True, 'trailing_pct': 0.015, 'vol_confirm': False, 'vol_ma_period': 20, 'vol_mult': 0.8, 'atr_trailing': False, 'atr_period': 14, 'atr_trail_mult': 1.5}
  (51.8s)

=== VWAP Grid Search ===
Grid search: 288 combinations for VWAP_Reversion
  Running grid search… 28/288
  Running grid search… 56/288
  Running grid search… 84/288
  Running grid search… 112/288
  Running grid search… 140/288
  Running grid search… 168/288
  Running grid search… 196/288
  Running grid search… 224/288
  Running grid search… 252/288
  Running grid search… 280/288
  Running grid search… 288/288
Best sharpe_ratio: 1.7381 with params {'k': 1.5, 'sl_k_add': 0.5, 'std_window': 30, 'rsi_period': 14, 'rsi_os': 35, 'rsi_ob': 65, 'close_before_min': 15, 'atr_period': 14, 'atr_min_pct': 0.0005, 'vol_filter': True, 'vol_min_mult': 0.5, 'entry_start_time': '10:00', 'entry_end_time': '15:30', 'max_trades_per_day': 2, 'ema_trend_filter': True, 'ema_fast': 20, 'ema_slow': 50, 'ema_mode': 'ema_cross', 'dynamic_tp': True, 'tp_bonus_pct': 0.2, 'bb_width_min': 0.001}
  (122.7s)

=== BEST ORB ===
  Params: {'orb_bars': 4, 'profit_ratio': 3.5, 'close_before_min': 15, 'breakout_confirm_pct': 0.0003, 'entry_delay_bars': 0, 'trailing_stop': True, 'trailing_pct': 0.015, 'vol_confirm': False, 'vol_ma_period': 20, 'vol_mult': 0.8, 'atr_trailing': False, 'atr_period': 14, 'atr_trail_mult': 1.5}
  Return: +0.03% | Win: 59.4% | Sharpe: 1.522 | Trades: 64 | MaxDD: -0.02% | PF: 1.625

=== BEST VWAP ===
  Params: {'k': 1.5, 'sl_k_add': 0.5, 'std_window': 30, 'rsi_period': 14, 'rsi_os': 35, 'rsi_ob': 65, 'close_before_min': 15, 'atr_period': 14, 'atr_min_pct': 0.0005, 'vol_filter': True, 'vol_min_mult': 0.5, 'entry_start_time': '10:00', 'entry_end_time': '15:30', 'max_trades_per_day': 2, 'ema_trend_filter': True, 'ema_fast': 20, 'ema_slow': 50, 'ema_mode': 'ema_cross', 'dynamic_tp': True, 'tp_bonus_pct': 0.2, 'bb_width_min': 0.001}
  Return: +0.01% | Win: 69.2% | Sharpe: 1.738 | Trades: 13 | MaxDD: -0.00% | PF: 3.417

  Buy & Hold: -5.68%
  ORB Alpha: +5.71%
  VWAP Alpha: +5.69%

✅ metrics.json saved
