================================================================================
Walk-Forward Validation Framework
================================================================================
Using local QQQ CSV (parameter-tuned dataset)...
Loading local CSV: qqq_5m.csv
Loaded 4557 bars from local CSV

數據: 2026-01-07 ~ 2026-04-02 (60 交易日, 4557 根 K 棒)

配置: 訓練窗口=20天, 測試窗口=10天, 步進=10天
預計 fold 數量: ~4

================================================================================
Walk-Forward Validation: ORB v8
================================================================================
Fold | Test Period               |   Return |   Sharpe |     WR | Trades |    MaxDD |     PF |      B&H
--------------------------------------------------------------------------------------------------------------
   1 | 2026-02-05 ~ 2026-02-19   |  -0.042% |   -1.369 |  44.4% |      9 |  -0.135% |  0.93 |  +0.378% -
   2 | 2026-02-20 ~ 2026-03-05   |  -0.013% |   -0.495 |  70.0% |     10 |  -0.117% |  1.16 |  +1.106% -
   3 | 2026-03-06 ~ 2026-03-19   |  +0.093% |    3.440 |  57.1% |      7 |  -0.085% |  2.41 |  -1.310% +
   4 | 2026-03-20 ~ 2026-04-02   |  +0.323% |   11.671 |  88.9% |      9 |  -0.076% |  7.32 |  -0.699% +
--------------------------------------------------------------------------------------------------------------
Summary | Folds: 4                  |  +0.090% |    3.312 |  65.1% |     35 |  -0.103% |       |
       | Sharpe StdDev: 5.155    | Positive Sharpe: 50% | Alpha Hit Rate: 50%

================================================================================
Walk-Forward Validation: VWAP v13
================================================================================
Fold | Test Period               |   Return |   Sharpe |     WR | Trades |    MaxDD |     PF |      B&H
--------------------------------------------------------------------------------------------------------------
   1 | 2026-02-05 ~ 2026-02-19   |  +0.015% |    2.306 | 100.0% |      2 |  -0.033% | 999.00 |  +0.378% -
   2 | 2026-02-20 ~ 2026-03-05   |  +0.000% |    0.000 |   0.0% |      0 |   0.000% |  0.00 |  +1.106% -
   3 | 2026-03-06 ~ 2026-03-19   |  -0.012% |   -2.751 |   0.0% |      1 |  -0.026% |  0.00 |  -1.310% +
   4 | 2026-03-20 ~ 2026-04-02   |  +0.030% |    3.418 |  66.7% |      3 |  -0.028% |  2.80 |  -0.699% +
--------------------------------------------------------------------------------------------------------------
Summary | Folds: 4                  |  +0.008% |    0.743 |  41.7% |      6 |  -0.022% |       |
       | Sharpe StdDev: 2.364    | Positive Sharpe: 50% | Alpha Hit Rate: 50%

================================================================================
Walk-Forward Validation: Combined Portfolio (50/50)
================================================================================
Fold | Test Period               |   ORB Sh |  VWAP Sh | Combo Sh | Combo Ret |      B&H
----------------------------------------------------------------------------------------------------
   1 | 2026-02-05 ~ 2026-02-19   |   -1.369 |    2.306 |   -0.852 |   -0.013% |  +0.378%
   2 | 2026-02-20 ~ 2026-03-05   |   -0.495 |    0.000 |   -0.496 |   -0.007% |  +1.106%
   3 | 2026-03-06 ~ 2026-03-19   |    3.440 |   -2.751 |    2.875 |   +0.040% |  -1.310%
   4 | 2026-03-20 ~ 2026-04-02   |   11.671 |    3.418 |   12.290 |   +0.177% |  -0.699%
----------------------------------------------------------------------------------------------------
 Avg | Folds: 4                  |    3.312 |    0.743 |    3.454 |   +0.049% |
       | Combo Sharpe StdDev: 5.305 | Positive Sharpe: 50%

================================================================================
Walk-Forward 綜合評估
================================================================================
  ORB:  平均 Sharpe=3.312 (±5.155), 正 Sharpe 比率=50%, Alpha 命中=50%
  VWAP: 平均 Sharpe=0.743 (±2.364), 正 Sharpe 比率=50%, Alpha 命中=50%
  組合: 平均 Sharpe=3.454 (±5.305), 正 Sharpe 比率=50%

  穩健性評級: C（一般）— 策略不夠穩定，需進一步優化

✅ Walk-forward 結果已保存至 walk_forward_results.json
