п»ҝ============================================================
йӨҲеҮӢиӘЁ #11 ??ORB 1hиқҜо“Ҹ??еӯө? + VWAP ?е…ё?з”Үпј№?
============================================================

[Step 1] й ӣпҗЈп…Ҝ 5 ?пүҗ??иұў?...
  Kз’үоҳүоһІ: 4556  иқӯп„’?: 2026-01-06 09:30:00-05:00 ~ 2026-04-01 15:55:00-04:00
  Buy & Hold: -5.68%

[Step 2] ?з®Ү??оөҘи‘«еҡ—пҢ№7 ORB + v10 VWAP, size=5еҡ—?..
  ORB v7 baseline: Ret=+0.1465% Win=63.1% Sharpe=1.674 MaxDD=-0.116% Trades=65 PF=1.67
  VWAP v10 baseline: Ret=+0.0352% Win=71.4% Sharpe=2.137 MaxDD=-0.015% Trades=14 PF=3.89

[Step 3] ORB v8: 1h иқҜо“Ҹ??еӯө??оҺ•и•ӘзҡңзҘҲеІ«...
  ORB htf=ema_cross ema=10/30: Ret=+0.0525% Win=61.0% Sharpe=0.840 MaxDD=-0.196% Trades=41 PF=1.47
  ORB htf=ema_cross ema=10/50: Ret=+0.0553% Win=58.5% Sharpe=0.879 MaxDD=-0.221% Trades=41 PF=1.48
  ORB htf=ema_cross ema=20/30: Ret=+0.0896% Win=62.2% Sharpe=1.481 MaxDD=-0.174% Trades=37 PF=1.77
  ORB htf=ema_cross ema=20/50: Ret=+0.0941% Win=62.2% Sharpe=1.560 MaxDD=-0.165% Trades=37 PF=1.77
  ORB htf=slope ema=10/30: Ret=+0.2463% Win=68.4% Sharpe=3.124 MaxDD=-0.090% Trades=57 PF=2.29
  ORB htf=slope ema=10/50: Ret=+0.2463% Win=68.4% Sharpe=3.124 MaxDD=-0.090% Trades=57 PF=2.29
  ORB htf=slope ema=20/30: Ret=+0.2546% Win=70.4% Sharpe=3.315 MaxDD=-0.079% Trades=54 PF=2.36
  ORB htf=slope ema=20/50: Ret=+0.2546% Win=70.4% Sharpe=3.315 MaxDD=-0.079% Trades=54 PF=2.36

  --- ORB HTF ?оҺ•и•ӘиқҜо“Ҹ??оҳҲ? (by Sharpe) ---
  #1: Sharpe=3.315 Win=70.4% Trades=54 Ret=+0.2546% DD=-0.079% | mode=slope ema=20/30
  #2: Sharpe=3.315 Win=70.4% Trades=54 Ret=+0.2546% DD=-0.079% | mode=slope ema=20/50
  #3: Sharpe=3.124 Win=68.4% Trades=57 Ret=+0.2463% DD=-0.090% | mode=slope ema=10/30
  #4: Sharpe=3.124 Win=68.4% Trades=57 Ret=+0.2463% DD=-0.090% | mode=slope ema=10/50
  #5: Sharpe=1.560 Win=62.2% Trades=37 Ret=+0.0941% DD=-0.165% | mode=ema_cross ema=20/50

  ??HTF ?оҺ•и•Ә?еӯө? Sharpe: 1.674 ??3.315 (+98.0%)

[Step 4] VWAP v11: ?е…ё?