п»ҝ============================================================
йӨҲеҮӢиӘЁ #11 ??ORB 1hиқҜо“Ҹ??еӯө? + VWAP ?е…ё?з”Үпј№?
============================================================

[Step 1] й ӣпҗЈп…Ҝ 5 ?пүҗ??иұў?...
  Kз’үоҳүоһІ: 4556  иқӯп„’?: 2026-01-06 09:30:00-05:00 ~ 2026-04-01 15:55:00-04:00
  Buy & Hold: -5.68%

[Step 2] ?з®Ү??оөҘи‘«еҡ—пҢ№7 ORB + v10 VWAP, size=5еҡ—?..
  ORB v7 baseline: Ret=+0.1465% Win=63.1% Sharpe=1.674 MaxDD=-0.116% Trades=65 PF=1.67
  VWAP v10 baseline: Ret=+0.0352% Win=71.4% Sharpe=2.137 MaxDD=-0.015% Trades=14 PF=3.89

[Step 3] ORB v8: 1h иқҜо“Ҹ??еӯө??оҺ•и•ӘзҡңзҘҲеІ«...
  ORB htf=ema_cross ema=10/30: Ret=+0.0525% Win=61.0% Sharpe=0.840 MaxDD=-0.196% Trades=41 PF=1.47
  ORB htf=ema_cross ema=10/50: Ret=+0.0553% Win=58.5% Sharpe=0.879 MaxDD=-0.221% Trades=41 PF=1.48
  ORB htf=ema_cross ema=20/30: Ret=+0.0896% Win=62.2% Sharpe=1.481 MaxDD=-0.174% Trades=37 PF=1.77
  ORB htf=ema_cross ema=20/50: Ret=+0.0941% Win=62.2% Sharpe=1.560 MaxDD=-0.165% Trades=37 PF=1.77
  ORB htf=slope ema=10/30: Ret=+0.2463% Win=68.4% Sharpe=3.124 MaxDD=-0.090% Trades=57 PF=2.29
  ORB htf=slope ema=10/50: Ret=+0.2463% Win=68.4% Sharpe=3.124 MaxDD=-0.090% Trades=57 PF=2.29
  ORB htf=slope ema=20/30: Ret=+0.2546% Win=70.4% Sharpe=3.315 MaxDD=-0.079% Trades=54 PF=2.36
  ORB htf=slope ema=20/50: Ret=+0.2546% Win=70.4% Sharpe=3.315 MaxDD=-0.079% Trades=54 PF=2.36

  --- ORB HTF ?оҺ•и•ӘиқҜо“Ҹ??оҳҲ? (by Sharpe) ---
  #1: Sharpe=3.315 Win=70.4% Trades=54 Ret=+0.2546% DD=-0.079% | mode=slope ema=20/30
  #2: Sharpe=3.315 Win=70.4% Trades=54 Ret=+0.2546% DD=-0.079% | mode=slope ema=20/50
  #3: Sharpe=3.124 Win=68.4% Trades=57 Ret=+0.2463% DD=-0.090% | mode=slope ema=10/30
  #4: Sharpe=3.124 Win=68.4% Trades=57 Ret=+0.2463% DD=-0.090% | mode=slope ema=10/50
  #5: Sharpe=1.560 Win=62.2% Trades=37 Ret=+0.0941% DD=-0.165% | mode=ema_cross ema=20/50

  ??HTF ?оҺ•и•Ә?еӯө? Sharpe: 1.674 ??3.315 (+98.0%)

[Step 4] VWAP v11: ?е…ё?з”Үпј№?зҡңзҘҲеІ«...
  VWAP partial trail=0.002 max_hold=12: Ret=+0.0181% Win=57.1% Sharpe=1.125 MaxDD=-0.019% Trades=14 PF=3.67
  VWAP partial trail=0.002 max_hold=24: Ret=+0.0733% Win=69.2% Sharpe=3.430 MaxDD=-0.024% Trades=13 PF=7.68
  VWAP partial trail=0.002 max_hold=36: Ret=+0.0797% Win=69.2% Sharpe=3.629 MaxDD=-0.024% Trades=13 PF=8.14
  VWAP partial trail=0.003 max_hold=12: Ret=+0.0167% Win=57.1% Sharpe=1.024 MaxDD=-0.020% Trades=14 PF=3.04
  VWAP partial trail=0.003 max_hold=24: Ret=+0.0664% Win=69.2% Sharpe=3.058 MaxDD=-0.030% Trades=13 PF=5.84
  VWAP partial trail=0.003 max_hold=36: Ret=+0.0753% Win=69.2% Sharpe=3.382 MaxDD=-0.030% Trades=13 PF=6.34
  VWAP partial trail=0.005 max_hold=12: Ret=+0.0102% Win=57.1% Sharpe=0.617 MaxDD=-0.026% Trades=14 PF=2.25
  VWAP partial trail=0.005 max_hold=24: Ret=+0.0513% Win=69.2% Sharpe=2.314 MaxDD=-0.041% Trades=13 PF=3.92
  VWAP partial trail=0.005 max_hold=36: Ret=+0.0656% Win=69.2% Sharpe=2.865 MaxDD=-0.036% Trades=13 PF=4.51
  VWAP partial trail=0.008 max_hold=12: Ret=+0.0201% Win=57.1% Sharpe=1.196 MaxDD=-0.020% Trades=14 PF=3.73
  VWAP partial trail=0.008 max_hold=24: Ret=+0.0492% Win=69.2% Sharpe=2.079 MaxDD=-0.043% Trades=13 PF=3.62
  VWAP partial trail=0.008 max_hold=36: Ret=+0.0635% Win=69.2% Sharpe=2.608 MaxDD=-0.038% Trades=13 PF=4.16

  --- VWAP ?е…ё?з”Үпј№?иқҜо“Ҹ??оҳҲ? (by Sharpe) ---
  #1: Sharpe=3.629 Win=69.2% Sortino=1.484 Trades=13 Ret=+0.0797% | trail=0.002 max_hold=36
  #2: Sharpe=3.430 Win=69.2% Sortino=1.324 Trades=13 Ret=+0.0733% | trail=0.002 max_hold=24
  #3: Sharpe=3.382 Win=69.2% Sortino=1.416 Trades=13 Ret=+0.0753% | trail=0.003 max_hold=36
  #4: Sharpe=3.058 Win=69.2% Sortino=1.221 Trades=13 Ret=+0.0664% | trail=0.003 max_hold=24
  #5: Sharpe=2.865 Win=69.2% Sortino=1.223 Trades=13 Ret=+0.0656% | trail=0.005 max_hold=36

  ???е…ё?з”Үпј№??еӯө? Sharpe: 2.137 ??3.629

[Step 5] ?о©•??дәҰ??пҺҮиҠӢ??..
  ORB 50% / VWAP 50%: Ret=+0.1672% Sharpe=4.094 Sortino=4.887 MaxDD=-0.040%
  ORB 60% / VWAP 40%: Ret=+0.1847% Sharpe=3.876 Sortino=4.628 MaxDD=-0.048%
  ORB 70% / VWAP 30%: Ret=+0.2022% Sharpe=3.694 Sortino=4.397 MaxDD=-0.056%

[Step 6] Out-of-Sample ж’ҪоӨң?...
  IS: 3189 bars (2026-01-06 ~ 2026-03-09)
  OOS: 1367 bars (2026-03-09 ~ 2026-04-01)
  ORB IS: Ret=+0.0748% Win=67.6% Sharpe=1.409 MaxDD=-0.079% Trades=37 PF=1.74
  ORB OOS: Ret=+0.1355% Win=68.4% Sharpe=5.916 MaxDD=-0.054% Trades=19 PF=2.91
  VWAP IS: Ret=+0.0600% Win=71.4% Sharpe=3.868 MaxDD=-0.017% Trades=7 PF=14.16
  VWAP OOS: Ret=+0.0076% Win=57.1% Sharpe=1.077 MaxDD=-0.023% Trades=7 PF=1.94

  OOS Combined 50/50: Sharpe=6.054 Ret=+0.0716%

[Step 7] ?и„Ј?иқҜо“Ҹ?...

??йӨҲеҮӢиӘЁ #11 ?иҠё?ж‘°п—»?
  ORB: htf_filter=True
  VWAP: partial_tp=True
